<?xml version="1.0" encoding="UTF-8" ?>
<testsuite failures="0" time="0.089" errors="0" skipped="0" tests="1" name="com.p2.regex.AppTest">
  <properties>
    <property name="sun.cpu.isalist" value="pentium_pro+mmx pentium_pro pentium+mmx pentium i486 i386 i86"/>
    <property name="user.dir" value="D:\Dropbox\UP\Pemrograman2\maven git\sesi5-stringregex\belajar-string"/>
    <property name="java.vm.specification.version" value="1.7"/>
    <property name="java.runtime.version" value="1.7.0_06-ea-b16"/>
    <property name="sun.boot.library.path" value="C:\Program Files\Java\jdk1.7.0_06\jre\bin"/>
    <property name="user.country" value="US"/>
    <property name="java.specification.name" value="Java Platform API Specification"/>
    <property name="java.vendor.url" value="http://java.oracle.com/"/>
    <property name="user.script" value=""/>
    <property name="user.name" value="cLienT"/>
    <property name="sun.java.launcher" value="SUN_STANDARD"/>
    <property name="java.vendor" value="Oracle Corporation"/>
    <property name="java.vendor.url.bug" value="http://bugreport.sun.com/bugreport/"/>
    <property name="java.vm.version" value="23.2-b07"/>
    <property name="java.endorsed.dirs" value="C:\Program Files\Java\jdk1.7.0_06\jre\lib\endorsed"/>
    <property name="file.encoding.pkg" value="sun.io"/>
    <property name="classworlds.conf" value="C:\Program Files\apache-maven-3.0.4\bin\..\bin\m2.conf"/>
    <property name="guice.disable.misplaced.annotation.check" value="true"/>
    <property name="sun.java.command" value="org.codehaus.plexus.classworlds.launcher.Launcher clean package"/>
    <property name="sun.io.unicode.encoding" value="UnicodeLittle"/>
    <property name="os.name" value="Windows 7"/>
    <property name="line.separator" value="
"/>
    <property name="java.vm.info" value="mixed mode, sharing"/>
    <property name="file.encoding" value="Cp1252"/>
    <property name="user.variant" value=""/>
    <property name="path.separator" value=";"/>
    <property name="java.specification.version" value="1.7"/>
    <property name="sun.management.compiler" value="HotSpot Client Compiler"/>
    <property name="sun.arch.data.model" value="32"/>
    <property name="java.specification.vendor" value="Oracle Corporation"/>
    <property name="sun.os.patch.level" value="Service Pack 1"/>
    <property name="java.home" value="C:\Program Files\Java\jdk1.7.0_06\jre"/>
    <property name="java.class.path" value="C:\Program Files\apache-maven-3.0.4\bin\..\boot\plexus-classworlds-2.4.jar"/>
    <property name="java.runtime.name" value="Java(TM) SE Runtime Environment"/>
    <property name="sun.jnu.encoding" value="Cp1252"/>
    <property name="java.awt.graphicsenv" value="sun.awt.Win32GraphicsEnvironment"/>
    <property name="os.version" value="6.1"/>
    <property name="java.class.version" value="51.0"/>
    <property name="user.country.format" value="ID"/>
    <property name="java.vm.specification.name" value="Java Virtual Machine Specification"/>
    <property name="sun.desktop" value="windows"/>
    <property name="java.awt.printerjob" value="sun.awt.windows.WPrinterJob"/>
    <property name="java.io.tmpdir" value="C:\Users\cLienT\AppData\Local\Temp\"/>
    <property name="java.vm.name" value="Java HotSpot(TM) Client VM"/>
    <property name="java.version" value="1.7.0_06-ea"/>
    <property name="java.vm.vendor" value="Oracle Corporation"/>
    <property name="java.library.path" value="C:\Program Files\Java\jdk1.7.0_06\bin;C:\Windows\Sun\Java\bin;C:\Windows\system32;C:\Windows;C:\Program Files\Common Files\Microsoft Shared\Windows Live;D:\Program Files\ImageMagick-6.8.0-Q16;C:\Program Files\AMD APP\bin\x86;C:\Windows\system32;C:\Windows;C:\Windows\System32\Wbem;C:\Windows\System32\WindowsPowerShell\v1.0\;C:\Program Files\ATI Technologies\ATI.ACE\Core-Static;C:\Program Files\SlikSvn\bin;C:\Program Files\Git\cmd;C:\Program Files\Microsoft SQL Server\100\Tools\Binn\;C:\Program Files\Microsoft SQL Server\100\DTS\Binn\;C:\Program Files\Microsoft SQL Server\100\Tools\Binn\VSShell\Common7\IDE\;C:\Program Files\Microsoft Visual Studio 9.0\Common7\IDE\PrivateAssemblies\;C:\Program Files\Java\jdk1.7.0_06\bin;C:\Python27;C:\aircrack-ng-1.1-win\bin;C:\Program Files\Windows Live\Shared;C:\android-ndk-r8d;D:\Program Files\eclipse\adt-bundle-windows-x86\adt-bundle-windows-x86\sdk\tools;D:\Program Files\eclipse\adt-bundle-windows-x86\adt-bundle-windows-x86\sdk\platform-tools;C:\Users\cLienT\Downloads\Compressed\apache-ant-1.8.4-bin\apache-ant-1.8.4\bin;C:\Program Files\apache-maven-3.0.4\bin;D:\Program Files\FPC\2.6.2\bin\i386-Win32;C:\TCWIN45\BIN;."/>
    <property name="maven.home" value="C:\Program Files\apache-maven-3.0.4\bin\.."/>
    <property name="os.arch" value="x86"/>
    <property name="user.language" value="en"/>
    <property name="user.timezone" value="Asia/Bangkok"/>
    <property name="user.home" value="C:\Users\cLienT"/>
    <property name="sun.cpu.endian" value="little"/>
    <property name="file.separator" value="\"/>
    <property name="java.ext.dirs" value="C:\Program Files\Java\jdk1.7.0_06\jre\lib\ext;C:\Windows\Sun\Java\lib\ext"/>
    <property name="awt.toolkit" value="sun.awt.windows.WToolkit"/>
    <property name="sun.boot.class.path" value="C:\Program Files\Java\jdk1.7.0_06\jre\lib\resources.jar;C:\Program Files\Java\jdk1.7.0_06\jre\lib\rt.jar;C:\Program Files\Java\jdk1.7.0_06\jre\lib\sunrsasign.jar;C:\Program Files\Java\jdk1.7.0_06\jre\lib\jsse.jar;C:\Program Files\Java\jdk1.7.0_06\jre\lib\jce.jar;C:\Program Files\Java\jdk1.7.0_06\jre\lib\charsets.jar;C:\Program Files\Java\jdk1.7.0_06\jre\lib\jfr.jar;C:\Program Files\Java\jdk1.7.0_06\jre\classes"/>
    <property name="user.language.format" value="id"/>
    <property name="java.vm.specification.vendor" value="Oracle Corporation"/>
  </properties>
  <testcase time="0" classname="com.p2.regex.AppTest" name="testApp"/>
</testsuite>